# JRE version: OpenJDK Runtime Environment Temurin-17.0.11+9 (17.0.11+9) (build 17.0.11+9)
# Java VM: OpenJDK 64-Bit Server VM Temurin-17.0.11+9 (17.0.11+9, mixed mode, tiered, compressed oops, compressed class ptrs, parallel gc, windows-amd64)
GC Precious Log:
 CPUs: 8 total, 8 available
 Memory: 12010M
 Large Page Support: Disabled
 NUMA Support: Disabled
 Compressed Oops: Enabled (32-bit)
 Alignments: Space 512K, Generation 512K, Heap 2M
 Heap Min Capacity: 100M
 Heap Initial Capacity: 100M
 Heap Max Capacity: 1G
 Pre-touch: Disabled
 Parallel Workers: 8
Heap:
 PSYoungGen      total 52224K, used 45131K [0x00000000eab00000, 0x00000000ee780000, 0x0000000100000000)
  eden space 42496K, 83% used [0x00000000eab00000,0x00000000ecdb46b8,0x00000000ed480000)
  from space 9728K, 98% used [0x00000000eda80000,0x00000000ee3de600,0x00000000ee400000)
  to   space 3584K, 0% used [0x00000000ee400000,0x00000000ee400000,0x00000000ee780000)
 ParOldGen       total 153600K, used 104952K [0x00000000c0000000, 0x00000000c9600000, 0x00000000eab00000)
  object space 153600K, 68% used [0x00000000c0000000,0x00000000c667e1e0,0x00000000c9600000)
 Metaspace       used 74445K, committed 75712K, reserved 1179648K
  class space    used 7810K, committed 8384K, reserved 1048576K
GC Heap History (20 events):
Event: 13.669 GC heap before
{Heap before GC invocations=77 (full 5):
 PSYoungGen      total 50176K, used 50176K [0x00000000eab00000, 0x00000000ee400000, 0x0000000100000000)
  eden space 46592K, 100% used [0x00000000eab00000,0x00000000ed880000,0x00000000ed880000)
  from space 3584K, 100% used [0x00000000ed880000,0x00000000edc00000,0x00000000edc00000)
  to   space 4096K, 0% used [0x00000000ee000000,0x00000000ee000000,0x00000000ee400000)
 ParOldGen       total 126464K, used 99606K [0x00000000c0000000, 0x00000000c7b80000, 0x00000000eab00000)
  object space 126464K, 78% used [0x00000000c0000000,0x00000000c61459d8,0x00000000c7b80000)
 Metaspace       used 65341K, committed 66560K, reserved 1114112K
  class space    used 6947K, committed 7488K, reserved 1048576K
}
Event: 13.672 GC heap after
{Heap after GC invocations=77 (full 5):
 PSYoungGen      total 53760K, used 3168K [0x00000000eab00000, 0x00000000ee380000, 0x0000000100000000)
  eden space 50176K, 0% used [0x00000000eab00000,0x00000000eab00000,0x00000000edc00000)
  from space 3584K, 88% used [0x00000000ee000000,0x00000000ee318000,0x00000000ee380000)
  to   space 3584K, 0% used [0x00000000edc80000,0x00000000edc80000,0x00000000ee000000)
 ParOldGen       total 126464K, used 99982K [0x00000000c0000000, 0x00000000c7b80000, 0x00000000eab00000)
  object space 126464K, 79% used [0x00000000c0000000,0x00000000c61a39d8,0x00000000c7b80000)
 Metaspace       used 65341K, committed 66560K, reserved 1114112K
  class space    used 6947K, committed 7488K, reserved 1048576K
}
Event: 13.819 GC heap before
{Heap before GC invocations=78 (full 5):
 PSYoungGen      total 53760K, used 53344K [0x00000000eab00000, 0x00000000ee380000, 0x0000000100000000)
  eden space 50176K, 100% used [0x00000000eab00000,0x00000000edc00000,0x00000000edc00000)
  from space 3584K, 88% used [0x00000000ee000000,0x00000000ee318000,0x00000000ee380000)
  to   space 3584K, 0% used [0x00000000edc80000,0x00000000edc80000,0x00000000ee000000)
 ParOldGen       total 126464K, used 99982K [0x00000000c0000000, 0x00000000c7b80000, 0x00000000eab00000)
  object space 126464K, 79% used [0x00000000c0000000,0x00000000c61a39d8,0x00000000c7b80000)
 Metaspace       used 66340K, committed 67584K, reserved 1114112K
  class space    used 7079K, committed 7616K, reserved 1048576K
}
Event: 13.824 GC heap after
{Heap after GC invocations=78 (full 5):
 PSYoungGen      total 54272K, used 3552K [0x00000000eab00000, 0x00000000eec00000, 0x0000000100000000)
  eden space 50688K, 0% used [0x00000000eab00000,0x00000000eab00000,0x00000000edc80000)
  from space 3584K, 99% used [0x00000000edc80000,0x00000000edff8010,0x00000000ee000000)
  to   space 6656K, 0% used [0x00000000ee580000,0x00000000ee580000,0x00000000eec00000)
 ParOldGen       total 126464K, used 102319K [0x00000000c0000000, 0x00000000c7b80000, 0x00000000eab00000)
  object space 126464K, 80% used [0x00000000c0000000,0x00000000c63ebc48,0x00000000c7b80000)
 Metaspace       used 66340K, committed 67584K, reserved 1114112K
  class space    used 7079K, committed 7616K, reserved 1048576K
}
Event: 14.639 GC heap before
{Heap before GC invocations=79 (full 5):
 PSYoungGen      total 54272K, used 54240K [0x00000000eab00000, 0x00000000eec00000, 0x0000000100000000)
  eden space 50688K, 100% used [0x00000000eab00000,0x00000000edc80000,0x00000000edc80000)
  from space 3584K, 99% used [0x00000000edc80000,0x00000000edff8010,0x00000000ee000000)
  to   space 6656K, 0% used [0x00000000ee580000,0x00000000ee580000,0x00000000eec00000)
 ParOldGen       total 126464K, used 102319K [0x00000000c0000000, 0x00000000c7b80000, 0x00000000eab00000)
  object space 126464K, 80% used [0x00000000c0000000,0x00000000c63ebc48,0x00000000c7b80000)
 Metaspace       used 69275K, committed 70528K, reserved 1114112K
  class space    used 7350K, committed 7872K, reserved 1048576K
}
Event: 14.647 GC heap after
{Heap after GC invocations=79 (full 5):
 PSYoungGen      total 56320K, used 6655K [0x00000000eab00000, 0x00000000eec00000, 0x0000000100000000)
  eden space 49664K, 0% used [0x00000000eab00000,0x00000000eab00000,0x00000000edb80000)
  from space 6656K, 99% used [0x00000000ee580000,0x00000000eebffdf8,0x00000000eec00000)
  to   space 8192K, 0% used [0x00000000edc00000,0x00000000edc00000,0x00000000ee400000)
 ParOldGen       total 126464K, used 103279K [0x00000000c0000000, 0x00000000c7b80000, 0x00000000eab00000)
  object space 126464K, 81% used [0x00000000c0000000,0x00000000c64dbc68,0x00000000c7b80000)
 Metaspace       used 69275K, committed 70528K, reserved 1114112K
  class space    used 7350K, committed 7872K, reserved 1048576K
}
Event: 15.149 GC heap before
{Heap before GC invocations=80 (full 5):
 PSYoungGen      total 56320K, used 56319K [0x00000000eab00000, 0x00000000eec00000, 0x0000000100000000)
  eden space 49664K, 100% used [0x00000000eab00000,0x00000000edb80000,0x00000000edb80000)
  from space 6656K, 99% used [0x00000000ee580000,0x00000000eebffdf8,0x00000000eec00000)
  to   space 8192K, 0% used [0x00000000edc00000,0x00000000edc00000,0x00000000ee400000)
 ParOldGen       total 126464K, used 103279K [0x00000000c0000000, 0x00000000c7b80000, 0x00000000eab00000)
  object space 126464K, 81% used [0x00000000c0000000,0x00000000c64dbc68,0x00000000c7b80000)
 Metaspace       used 70079K, committed 71424K, reserved 1114112K
  class space    used 7422K, committed 8000K, reserved 1048576K
}
Event: 15.162 GC heap after
{Heap after GC invocations=80 (full 5):
 PSYoungGen      total 56832K, used 8180K [0x00000000eab00000, 0x00000000f0380000, 0x0000000100000000)
  eden space 48640K, 0% used [0x00000000eab00000,0x00000000eab00000,0x00000000eda80000)
  from space 8192K, 99% used [0x00000000edc00000,0x00000000ee3fd018,0x00000000ee400000)
  to   space 20992K, 0% used [0x00000000eef00000,0x00000000eef00000,0x00000000f0380000)
 ParOldGen       total 126464K, used 113832K [0x00000000c0000000, 0x00000000c7b80000, 0x00000000eab00000)
  object space 126464K, 90% used [0x00000000c0000000,0x00000000c6f2a0a8,0x00000000c7b80000)
 Metaspace       used 70079K, committed 71424K, reserved 1114112K
  class space    used 7422K, committed 8000K, reserved 1048576K
}
Event: 15.637 GC heap before
{Heap before GC invocations=81 (full 5):
 PSYoungGen      total 56832K, used 56820K [0x00000000eab00000, 0x00000000f0380000, 0x0000000100000000)
  eden space 48640K, 99% used [0x00000000eab00000,0x00000000eda7fff8,0x00000000eda80000)
  from space 8192K, 99% used [0x00000000edc00000,0x00000000ee3fd018,0x00000000ee400000)
  to   space 20992K, 0% used [0x00000000eef00000,0x00000000eef00000,0x00000000f0380000)
 ParOldGen       total 126464K, used 113832K [0x00000000c0000000, 0x00000000c7b80000, 0x00000000eab00000)
  object space 126464K, 90% used [0x00000000c0000000,0x00000000c6f2a0a8,0x00000000c7b80000)
 Metaspace       used 70459K, committed 71808K, reserved 1114112K
  class space    used 7426K, committed 8000K, reserved 1048576K
}
Event: 15.645 GC heap after
{Heap after GC invocations=81 (full 5):
 PSYoungGen      total 59904K, used 11940K [0x00000000eab00000, 0x00000000efb00000, 0x0000000100000000)
  eden space 47616K, 0% used [0x00000000eab00000,0x00000000eab00000,0x00000000ed980000)
  from space 12288K, 97% used [0x00000000eef00000,0x00000000efaa9028,0x00000000efb00000)
  to   space 14848K, 0% used [0x00000000ede00000,0x00000000ede00000,0x00000000eec80000)
 ParOldGen       total 126464K, used 114408K [0x00000000c0000000, 0x00000000c7b80000, 0x00000000eab00000)
  object space 126464K, 90% used [0x00000000c0000000,0x00000000c6fba0a8,0x00000000c7b80000)
 Metaspace       used 70459K, committed 71808K, reserved 1114112K
  class space    used 7426K, committed 8000K, reserved 1048576K
}
Event: 16.068 GC heap before
{Heap before GC invocations=82 (full 5):
 PSYoungGen      total 59904K, used 59556K [0x00000000eab00000, 0x00000000efb00000, 0x0000000100000000)
  eden space 47616K, 100% used [0x00000000eab00000,0x00000000ed980000,0x00000000ed980000)
  from space 12288K, 97% used [0x00000000eef00000,0x00000000efaa9028,0x00000000efb00000)
  to   space 14848K, 0% used [0x00000000ede00000,0x00000000ede00000,0x00000000eec80000)
 ParOldGen       total 126464K, used 114408K [0x00000000c0000000, 0x00000000c7b80000, 0x00000000eab00000)
  object space 126464K, 90% used [0x00000000c0000000,0x00000000c6fba0a8,0x00000000c7b80000)
 Metaspace       used 70738K, committed 72064K, reserved 1114112K
  class space    used 7441K, committed 8000K, reserved 1048576K
}
Event: 16.083 GC heap after
{Heap after GC invocations=82 (full 5):
 PSYoungGen      total 61440K, used 14833K [0x00000000eab00000, 0x00000000f0c80000, 0x0000000100000000)
  eden space 46592K, 0% used [0x00000000eab00000,0x00000000eab00000,0x00000000ed880000)
  from space 14848K, 99% used [0x00000000ede00000,0x00000000eec7c6a8,0x00000000eec80000)
  to   space 26624K, 0% used [0x00000000ef280000,0x00000000ef280000,0x00000000f0c80000)
 ParOldGen       total 126464K, used 123556K [0x00000000c0000000, 0x00000000c7b80000, 0x00000000eab00000)
  object space 126464K, 97% used [0x00000000c0000000,0x00000000c78a91d8,0x00000000c7b80000)
 Metaspace       used 70738K, committed 72064K, reserved 1114112K
  class space    used 7441K, committed 8000K, reserved 1048576K
}
Event: 16.083 GC heap before
{Heap before GC invocations=83 (full 6):
 PSYoungGen      total 61440K, used 14833K [0x00000000eab00000, 0x00000000f0c80000, 0x0000000100000000)
  eden space 46592K, 0% used [0x00000000eab00000,0x00000000eab00000,0x00000000ed880000)
  from space 14848K, 99% used [0x00000000ede00000,0x00000000eec7c6a8,0x00000000eec80000)
  to   space 26624K, 0% used [0x00000000ef280000,0x00000000ef280000,0x00000000f0c80000)
 ParOldGen       total 126464K, used 123556K [0x00000000c0000000, 0x00000000c7b80000, 0x00000000eab00000)
  object space 126464K, 97% used [0x00000000c0000000,0x00000000c78a91d8,0x00000000c7b80000)
 Metaspace       used 70738K, committed 72064K, reserved 1114112K
  class space    used 7441K, committed 8000K, reserved 1048576K
}
Event: 16.216 GC heap after
{Heap after GC invocations=83 (full 6):
 PSYoungGen      total 71168K, used 0K [0x00000000eab00000, 0x00000000f0b80000, 0x0000000100000000)
  eden space 45568K, 0% used [0x00000000eab00000,0x00000000eab00000,0x00000000ed780000)
  from space 25600K, 0% used [0x00000000ef280000,0x00000000ef280000,0x00000000f0b80000)
  to   space 26624K, 0% used [0x00000000ed780000,0x00000000ed780000,0x00000000ef180000)
 ParOldGen       total 153600K, used 104919K [0x00000000c0000000, 0x00000000c9600000, 0x00000000eab00000)
  object space 153600K, 68% used [0x00000000c0000000,0x00000000c6675dc8,0x00000000c9600000)
 Metaspace       used 70735K, committed 72064K, reserved 1114112K
  class space    used 7440K, committed 8000K, reserved 1048576K
}
Event: 16.702 GC heap before
{Heap before GC invocations=84 (full 6):
 PSYoungGen      total 71168K, used 45568K [0x00000000eab00000, 0x00000000f0b80000, 0x0000000100000000)
  eden space 45568K, 100% used [0x00000000eab00000,0x00000000ed780000,0x00000000ed780000)
  from space 25600K, 0% used [0x00000000ef280000,0x00000000ef280000,0x00000000f0b80000)
  to   space 26624K, 0% used [0x00000000ed780000,0x00000000ed780000,0x00000000ef180000)
 ParOldGen       total 153600K, used 104928K [0x00000000c0000000, 0x00000000c9600000, 0x00000000eab00000)
  object space 153600K, 68% used [0x00000000c0000000,0x00000000c66781e0,0x00000000c9600000)
 Metaspace       used 71878K, committed 73088K, reserved 1114112K
  class space    used 7533K, committed 8064K, reserved 1048576K
}
Event: 16.710 GC heap after
{Heap after GC invocations=84 (full 6):
 PSYoungGen      total 53760K, used 8955K [0x00000000eab00000, 0x00000000ef380000, 0x0000000100000000)
  eden space 44544K, 0% used [0x00000000eab00000,0x00000000eab00000,0x00000000ed680000)
  from space 9216K, 97% used [0x00000000ed780000,0x00000000ee03ecf8,0x00000000ee080000)
  to   space 14848K, 0% used [0x00000000ee500000,0x00000000ee500000,0x00000000ef380000)
 ParOldGen       total 153600K, used 104936K [0x00000000c0000000, 0x00000000c9600000, 0x00000000eab00000)
  object space 153600K, 68% used [0x00000000c0000000,0x00000000c667a1e0,0x00000000c9600000)
 Metaspace       used 71878K, committed 73088K, reserved 1114112K
  class space    used 7533K, committed 8064K, reserved 1048576K
}
Event: 17.666 GC heap before
{Heap before GC invocations=85 (full 6):
 PSYoungGen      total 53760K, used 53422K [0x00000000eab00000, 0x00000000ef380000, 0x0000000100000000)
  eden space 44544K, 99% used [0x00000000eab00000,0x00000000ed66cb38,0x00000000ed680000)
  from space 9216K, 97% used [0x00000000ed780000,0x00000000ee03ecf8,0x00000000ee080000)
  to   space 14848K, 0% used [0x00000000ee500000,0x00000000ee500000,0x00000000ef380000)
 ParOldGen       total 153600K, used 104936K [0x00000000c0000000, 0x00000000c9600000, 0x00000000eab00000)
  object space 153600K, 68% used [0x00000000c0000000,0x00000000c667a1e0,0x00000000c9600000)
 Metaspace       used 73540K, committed 74816K, reserved 1179648K
  class space    used 7747K, committed 8320K, reserved 1048576K
}
Event: 17.672 GC heap after
{Heap after GC invocations=85 (full 6):
 PSYoungGen      total 53248K, used 9380K [0x00000000eab00000, 0x00000000eee80000, 0x0000000100000000)
  eden space 43520K, 0% used [0x00000000eab00000,0x00000000eab00000,0x00000000ed580000)
  from space 9728K, 96% used [0x00000000ee500000,0x00000000eee293e0,0x00000000eee80000)
  to   space 10240K, 0% used [0x00000000eda80000,0x00000000eda80000,0x00000000ee480000)
 ParOldGen       total 153600K, used 104944K [0x00000000c0000000, 0x00000000c9600000, 0x00000000eab00000)
  object space 153600K, 68% used [0x00000000c0000000,0x00000000c667c1e0,0x00000000c9600000)
 Metaspace       used 73540K, committed 74816K, reserved 1179648K
  class space    used 7747K, committed 8320K, reserved 1048576K
}
Event: 18.724 GC heap before
{Heap before GC invocations=86 (full 6):
 PSYoungGen      total 53248K, used 52900K [0x00000000eab00000, 0x00000000eee80000, 0x0000000100000000)
  eden space 43520K, 100% used [0x00000000eab00000,0x00000000ed580000,0x00000000ed580000)
  from space 9728K, 96% used [0x00000000ee500000,0x00000000eee293e0,0x00000000eee80000)
  to   space 10240K, 0% used [0x00000000eda80000,0x00000000eda80000,0x00000000ee480000)
 ParOldGen       total 153600K, used 104944K [0x00000000c0000000, 0x00000000c9600000, 0x00000000eab00000)
  object space 153600K, 68% used [0x00000000c0000000,0x00000000c667c1e0,0x00000000c9600000)
 Metaspace       used 73841K, committed 75200K, reserved 1179648K
  class space    used 7775K, committed 8384K, reserved 1048576K
}
Event: 18.731 GC heap after
{Heap after GC invocations=86 (full 6):
 PSYoungGen      total 52224K, used 9593K [0x00000000eab00000, 0x00000000ee780000, 0x0000000100000000)
  eden space 42496K, 0% used [0x00000000eab00000,0x00000000eab00000,0x00000000ed480000)
  from space 9728K, 98% used [0x00000000eda80000,0x00000000ee3de600,0x00000000ee400000)
  to   space 3584K, 0% used [0x00000000ee400000,0x00000000ee400000,0x00000000ee780000)
 ParOldGen       total 153600K, used 104952K [0x00000000c0000000, 0x00000000c9600000, 0x00000000eab00000)
  object space 153600K, 68% used [0x00000000c0000000,0x00000000c667e1e0,0x00000000c9600000)
 Metaspace       used 73841K, committed 75200K, reserved 1179648K
  class space    used 7775K, committed 8384K, reserved 1048576K
}

