# JRE version: Java(TM) SE Runtime Environment (17.0.11+7) (build 17.0.11+7-LTS-207)
# Java VM: Java HotSpot(TM) 64-Bit Server VM (17.0.11+7-LTS-207, mixed mode, sharing, tiered, compressed oops, compressed class ptrs, g1 gc, windows-amd64)
GC Precious Log:
 CPUs: 8 total, 8 available
 Memory: 12010M
 Large Page Support: Disabled
 NUMA Support: Disabled
 Compressed Oops: Enabled (Zero based)
 Heap Region Size: 2M
 Heap Min Capacity: 8M
 Heap Initial Capacity: 188M
 Heap Max Capacity: 3004M
 Pre-touch: Disabled
 Parallel Workers: 8
 Concurrent Workers: 2
 Concurrent Refinement Workers: 8
 Periodic GC: Disabled
Heap:
 garbage-first heap   total 81920K, used 20169K [0x0000000744400000, 0x0000000800000000)
  region size 2048K, 4 young (8192K), 3 survivors (6144K)
 Metaspace       used 35793K, committed 36160K, reserved 1114112K
  class space    used 4559K, committed 4736K, reserved 1048576K
GC Heap History (16 events):
Event: 0.667 GC heap before
{Heap before GC invocations=0 (full 0):
 garbage-first heap   total 192512K, used 20480K [0x0000000744400000, 0x0000000800000000)
  region size 2048K, 11 young (22528K), 0 survivors (0K)
 Metaspace       used 5706K, committed 5888K, reserved 1114112K
  class space    used 674K, committed 768K, reserved 1048576K
}
Event: 0.673 GC heap after
{Heap after GC invocations=1 (full 0):
 garbage-first heap   total 192512K, used 7214K [0x0000000744400000, 0x0000000800000000)
  region size 2048K, 2 young (4096K), 2 survivors (4096K)
 Metaspace       used 5706K, committed 5888K, reserved 1114112K
  class space    used 674K, committed 768K, reserved 1048576K
}
Event: 1.066 GC heap before
{Heap before GC invocations=1 (full 0):
 garbage-first heap   total 192512K, used 27694K [0x0000000744400000, 0x0000000800000000)
  region size 2048K, 13 young (26624K), 2 survivors (4096K)
 Metaspace       used 10939K, committed 11200K, reserved 1114112K
  class space    used 1454K, committed 1600K, reserved 1048576K
}
Event: 1.072 GC heap after
{Heap after GC invocations=2 (full 0):
 garbage-first heap   total 192512K, used 8863K [0x0000000744400000, 0x0000000800000000)
  region size 2048K, 1 young (2048K), 1 survivors (2048K)
 Metaspace       used 10939K, committed 11200K, reserved 1114112K
  class space    used 1454K, committed 1600K, reserved 1048576K
}
Event: 1.788 GC heap before
{Heap before GC invocations=2 (full 0):
 garbage-first heap   total 192512K, used 62111K [0x0000000744400000, 0x0000000800000000)
  region size 2048K, 28 young (57344K), 1 survivors (2048K)
 Metaspace       used 21241K, committed 21504K, reserved 1114112K
  class space    used 2678K, committed 2816K, reserved 1048576K
}
Event: 1.797 GC heap after
{Heap after GC invocations=3 (full 0):
 garbage-first heap   total 192512K, used 14142K [0x0000000744400000, 0x0000000800000000)
  region size 2048K, 4 young (8192K), 4 survivors (8192K)
 Metaspace       used 21241K, committed 21504K, reserved 1114112K
  class space    used 2678K, committed 2816K, reserved 1048576K
}
Event: 1.809 GC heap before
{Heap before GC invocations=3 (full 0):
 garbage-first heap   total 192512K, used 14142K [0x0000000744400000, 0x0000000800000000)
  region size 2048K, 5 young (10240K), 4 survivors (8192K)
 Metaspace       used 21277K, committed 21504K, reserved 1114112K
  class space    used 2682K, committed 2816K, reserved 1048576K
}
Event: 1.813 GC heap after
{Heap after GC invocations=4 (full 0):
 garbage-first heap   total 192512K, used 14494K [0x0000000744400000, 0x0000000800000000)
  region size 2048K, 4 young (8192K), 4 survivors (8192K)
 Metaspace       used 21277K, committed 21504K, reserved 1114112K
  class space    used 2682K, committed 2816K, reserved 1048576K
}
Event: 2.687 GC heap before
{Heap before GC invocations=5 (full 0):
 garbage-first heap   total 61440K, used 41118K [0x0000000744400000, 0x0000000800000000)
  region size 2048K, 18 young (36864K), 4 survivors (8192K)
 Metaspace       used 25545K, committed 25792K, reserved 1114112K
  class space    used 3263K, committed 3392K, reserved 1048576K
}
Event: 2.700 GC heap after
{Heap after GC invocations=6 (full 0):
 garbage-first heap   total 61440K, used 16198K [0x0000000744400000, 0x0000000800000000)
  region size 2048K, 2 young (4096K), 2 survivors (4096K)
 Metaspace       used 25545K, committed 25792K, reserved 1114112K
  class space    used 3263K, committed 3392K, reserved 1048576K
}
Event: 2.777 GC heap before
{Heap before GC invocations=6 (full 0):
 garbage-first heap   total 61440K, used 18246K [0x0000000744400000, 0x0000000800000000)
  region size 2048K, 3 young (6144K), 2 survivors (4096K)
 Metaspace       used 26115K, committed 26432K, reserved 1114112K
  class space    used 3332K, committed 3456K, reserved 1048576K
}
Event: 2.785 GC heap after
{Heap after GC invocations=7 (full 0):
 garbage-first heap   total 61440K, used 16266K [0x0000000744400000, 0x0000000800000000)
  region size 2048K, 1 young (2048K), 1 survivors (2048K)
 Metaspace       used 26115K, committed 26432K, reserved 1114112K
  class space    used 3332K, committed 3456K, reserved 1048576K
}
Event: 3.920 GC heap before
{Heap before GC invocations=7 (full 0):
 garbage-first heap   total 61440K, used 40842K [0x0000000744400000, 0x0000000800000000)
  region size 2048K, 13 young (26624K), 1 survivors (2048K)
 Metaspace       used 31891K, committed 32320K, reserved 1114112K
  class space    used 4113K, committed 4352K, reserved 1048576K
}
Event: 3.927 GC heap after
{Heap after GC invocations=8 (full 0):
 garbage-first heap   total 81920K, used 18473K [0x0000000744400000, 0x0000000800000000)
  region size 2048K, 2 young (4096K), 2 survivors (4096K)
 Metaspace       used 31891K, committed 32320K, reserved 1114112K
  class space    used 4113K, committed 4352K, reserved 1048576K
}
Event: 4.400 GC heap before
{Heap before GC invocations=8 (full 0):
 garbage-first heap   total 81920K, used 36905K [0x0000000744400000, 0x0000000800000000)
  region size 2048K, 12 young (24576K), 2 survivors (4096K)
 Metaspace       used 35566K, committed 35968K, reserved 1114112K
  class space    used 4540K, committed 4736K, reserved 1048576K
}
Event: 4.412 GC heap after
{Heap after GC invocations=9 (full 0):
 garbage-first heap   total 81920K, used 20169K [0x0000000744400000, 0x0000000800000000)
  region size 2048K, 3 young (6144K), 3 survivors (6144K)
 Metaspace       used 35566K, committed 35968K, reserved 1114112K
  class space    used 4540K, committed 4736K, reserved 1048576K
}

